2020/06/24 17:33:43 [info] 10185: ç›‘å¬9000ç«¯å£æˆåŠŸ!
2020/06/24 17:33:43 [info] 10185: ç›‘å¬9001ç«¯å£æˆåŠŸ!
2020/06/24 17:33:43 [emerg] 10185: ngx_daemon()ä¸­setsid()å¤±è´¥ï¼ï¼ï¼ (1: Operation not permitted) 
2020/06/24 17:33:43 [stderr] 10185: nginx: ç¨‹åºé€€å‡ºï¼Œå†è§ï¼
2020/06/24 17:33:43 [notice] 10186: master process ./nginx 10186 å¯åŠ¨å¹¶å¼€å§‹è¿è¡Œ......!
2020/06/24 17:33:43 [notice] 10186: signal 17 (SIGCHLD) received from 10188
2020/06/24 17:33:43 [alert] 10186: pid = 10188 exited on signal 11!
2020/06/24 17:33:44 [notice] 10186: signal 17 (SIGCHLD) received from 10190
2020/06/24 17:33:44 [alert] 10186: pid = 10187 exited on signal 11!
2020/06/24 17:33:44 [alert] 10186: pid = 10189 exited on signal 11!
2020/06/24 17:33:44 [alert] 10186: pid = 10190 exited on signal 11!
2020/06/24 17:38:32 [stderr] 10648: nginx: CSocket::Initialize()ä¸­bind()å¤±è´¥ï¼Œi=0.
2020/06/24 17:38:32 [stderr] 10648: nginx: ç¨‹åºé€€å‡ºï¼Œå†è§ï¼
2020/06/27 07:53:39 [info] 15975: ç›‘å¬9000ç«¯å£æˆåŠŸ!
2020/06/27 07:53:39 [info] 15975: ç›‘å¬9001ç«¯å£æˆåŠŸ!
2020/06/27 07:53:39 [emerg] 15975: ngx_daemon()ä¸­setsid()å¤±è´¥ï¼ï¼ï¼ (1: Operation not permitted) 
2020/06/27 07:53:39 [stderr] 15975: nginx: ç¨‹åºé€€å‡ºï¼Œå†è§ï¼
2020/06/27 07:53:39 [notice] 15976: master process ./nginx 15976 å¯åŠ¨å¹¶å¼€å§‹è¿è¡Œ......!
2020/06/27 07:53:39 [stderr] 15977: nginx: CThreadPool::Create()´´½¨Ïß³Ì1606006528³É¹¦,Ïß³Ìid=1600979729
2020/06/27 07:53:39 [stderr] 15978: nginx: CThreadPool::Create()´´½¨Ïß³Ì1606006528³É¹¦,Ïß³Ìid=1600979729
2020/06/27 07:53:39 [stderr] 15979: nginx: CThreadPool::Create()´´½¨Ïß³Ì1606006528³É¹¦,Ïß³Ìid=1600979729
2020/06/27 07:53:39 [stderr] 15978: nginx: CThreadPool::Create()´´½¨Ïß³Ì1608107776³É¹¦,Ïß³Ìid=1600979729
2020/06/27 07:53:39 [stderr] 15979: nginx: CThreadPool::Create()´´½¨Ïß³Ì1608107776³É¹¦,Ïß³Ìid=1600979729
2020/06/27 07:53:39 [stderr] 15978: nginx: CThreadPool::Create()´´½¨Ïß³Ì1610209024³É¹¦,Ïß³Ìid=1600979729
2020/06/27 07:53:39 [stderr] 15979: nginx: CThreadPool::Create()´´½¨Ïß³Ì1610209024³É¹¦,Ïß³Ìid=1600979729
2020/06/27 07:53:39 [stderr] 15978: nginx: CThreadPool::Create()´´½¨Ïß³Ì1612310272³É¹¦,Ïß³Ìid=1600979729
2020/06/27 07:53:39 [stderr] 15979: nginx: CThreadPool::Create()´´½¨Ïß³Ì1612310272³É¹¦,Ïß³Ìid=1600979729
2020/06/27 07:53:39 [stderr] 15977: nginx: CThreadPool::Create()´´½¨Ïß³Ì1608107776³É¹¦,Ïß³Ìid=1600979729
2020/06/27 07:53:39 [stderr] 15979: nginx: CThreadPool::Create()´´½¨Ïß³Ì1614411520³É¹¦,Ïß³Ìid=1600979729
2020/06/27 07:53:39 [stderr] 15978: nginx: CThreadPool::Create()´´½¨Ïß³Ì1614411520³É¹¦,Ïß³Ìid=1600979729
2020/06/27 07:53:39 [stderr] 15979: nginx: CThreadPool::Create()´´½¨Ïß³Ì1616512768³É¹¦,Ïß³Ìid=1600979729
2020/06/27 07:53:39 [stderr] 15977: nginx: CThreadPool::Create()´´½¨Ïß³Ì1610209024³É¹¦,Ïß³Ìid=1600979729
2020/06/27 07:53:39 [stderr] 15979: nginx: CThreadPool::Create()´´½¨Ïß³Ì1618614016³É¹¦,Ïß³Ìid=1600979729
2020/06/27 07:53:39 [stderr] 15978: nginx: CThreadPool::Create()´´½¨Ïß³Ì1616512768³É¹¦,Ïß³Ìid=1600979729
2020/06/27 07:53:39 [stderr] 15977: nginx: CThreadPool::Create()´´½¨Ïß³Ì1612310272³É¹¦,Ïß³Ìid=1600979729
2020/06/27 07:53:39 [stderr] 15979: nginx: CThreadPool::Create()´´½¨Ïß³Ì1620715264³É¹¦,Ïß³Ìid=1600979729
2020/06/27 07:53:39 [stderr] 15978: nginx: CThreadPool::Create()´´½¨Ïß³Ì1618614016³É¹¦,Ïß³Ìid=1600979729
2020/06/27 07:53:39 [stderr] 15977: nginx: CThreadPool::Create()´´½¨Ïß³Ì1614411520³É¹¦,Ïß³Ìid=1600979729
2020/06/27 07:53:39 [stderr] 15979: nginx: CThreadPool::Create()´´½¨Ïß³Ì1622816512³É¹¦,Ïß³Ìid=1600979729
2020/06/27 07:53:39 [stderr] 15979: nginx: CThreadPool::Create()´´½¨Ïß³Ì1624917760³É¹¦,Ïß³Ìid=1600979729
2020/06/27 07:53:39 [stderr] 15978: nginx: CThreadPool::Create()´´½¨Ïß³Ì1620715264³É¹¦,Ïß³Ìid=1600979729
2020/06/27 07:53:39 [stderr] 15977: nginx: CThreadPool::Create()´´½¨Ïß³Ì1616512768³É¹¦,Ïß³Ìid=1600979729
2020/06/27 07:53:39 [stderr] 15978: nginx: CThreadPool::Create()´´½¨Ïß³Ì1622816512³É¹¦,Ïß³Ìid=1600979729
2020/06/27 07:53:39 [stderr] 15977: nginx: CThreadPool::Create()´´½¨Ïß³Ì1618614016³É¹¦,Ïß³Ìid=1600979729
2020/06/27 07:53:39 [stderr] 15978: nginx: CThreadPool::Create()´´½¨Ïß³Ì1624917760³É¹¦,Ïß³Ìid=1600979729
2020/06/27 07:53:39 [stderr] 15977: nginx: CThreadPool::Create()´´½¨Ïß³Ì1620715264³É¹¦,Ïß³Ìid=1600979729
2020/06/27 07:53:39 [stderr] 15981: nginx: CThreadPool::Create()´´½¨Ïß³Ì1606006528³É¹¦,Ïß³Ìid=1600979729
2020/06/27 07:53:39 [stderr] 15977: nginx: CThreadPool::Create()´´½¨Ïß³Ì1622816512³É¹¦,Ïß³Ìid=1600979729
2020/06/27 07:53:39 [stderr] 15977: nginx: CThreadPool::Create()´´½¨Ïß³Ì1624917760³É¹¦,Ïß³Ìid=1600979729
2020/06/27 07:53:39 [stderr] 15981: nginx: CThreadPool::Create()´´½¨Ïß³Ì1608107776³É¹¦,Ïß³Ìid=1600979729
2020/06/27 07:53:39 [stderr] 15981: nginx: CThreadPool::Create()´´½¨Ïß³Ì1610209024³É¹¦,Ïß³Ìid=1600979729
2020/06/27 07:53:39 [stderr] 15981: nginx: CThreadPool::Create()´´½¨Ïß³Ì1612310272³É¹¦,Ïß³Ìid=1600979729
2020/06/27 07:53:39 [stderr] 15981: nginx: CThreadPool::Create()´´½¨Ïß³Ì1614411520³É¹¦,Ïß³Ìid=1600979729
2020/06/27 07:53:39 [stderr] 15981: nginx: CThreadPool::Create()´´½¨Ïß³Ì1616512768³É¹¦,Ïß³Ìid=1600979729
2020/06/27 07:53:39 [stderr] 15981: nginx: CThreadPool::Create()´´½¨Ïß³Ì1618614016³É¹¦,Ïß³Ìid=1600979729
2020/06/27 07:53:39 [stderr] 15981: nginx: CThreadPool::Create()´´½¨Ïß³Ì1620715264³É¹¦,Ïß³Ìid=1600979729
2020/06/27 07:53:39 [stderr] 15981: nginx: CThreadPool::Create()´´½¨Ïß³Ì1622816512³É¹¦,Ïß³Ìid=1600979729
2020/06/27 07:53:39 [stderr] 15981: nginx: CThreadPool::Create()´´½¨Ïß³Ì1624917760³É¹¦,Ïß³Ìid=1600979729
2020/06/27 07:53:44 [notice] 15977: worker process 15977 å¯åŠ¨å¹¶å¼€å§‹è¿è¡Œ......!
2020/06/27 07:53:44 [notice] 15981: worker process 15981 å¯åŠ¨å¹¶å¼€å§‹è¿è¡Œ......!
2020/06/27 07:53:45 [notice] 15979: worker process 15979 å¯åŠ¨å¹¶å¼€å§‹è¿è¡Œ......!
2020/06/27 07:53:45 [notice] 15978: worker process 15978 å¯åŠ¨å¹¶å¼€å§‹è¿è¡Œ......!
2020/06/27 20:02:18 [stderr] 25553: nginx: CSocket::Initialize()ä¸­bind()å¤±è´¥ï¼Œi=0.
2020/06/27 20:02:18 [stderr] 25553: nginx: ç¨‹åºé€€å‡ºï¼Œå†è§ï¼
2020/06/27 20:02:53 [stderr] 25586: nginx: CSocket::Initialize()ä¸­bind()å¤±è´¥ï¼Œi=0.
2020/06/27 20:02:53 [stderr] 25586: nginx: ç¨‹åºé€€å‡ºï¼Œå†è§ï¼
